[2021-07-02 10:30:03] local.DEBUG: Message-ID: <3191a4efcdda62d3489fa3b907bb7651@ls>
Date: Fri, 02 Jul 2021 10:30:03 +0300
Subject: =?utf-8?Q?=D0=A4=D0=BE=D1=80=D0=BC=D0=B0_=D0=BE=D0=B1?=
 =?utf-8?Q?=D1=80=D0=B0=D1=82=D0=BD=D0=BE=D0=B9_=D1=81?=
 =?utf-8?Q?=D0=B2=D1=8F=D0=B7=D0=B8?=
From: =?utf-8?Q?=D0=9E=D0=9E=D0=9E_=D0=A2=D0=94_=D0=90?=
 =?utf-8?Q?=D0=92=D0=A0=D0=9E=D0=A0=D0=90?= <noreply@aurora.com>
To: ion@mail.ru
MIME-Version: 1.0
Content-Type: text/html; charset=utf-8
Content-Transfer-Encoding: quoted-printable

<h1>Форма обратной связи</h1>

<p><strong>Имя:</strong> Олег Иванов</p>
<p><strong>Почта:</strong> ion@mail.ru</p>
<p><strong>Сообщение:</strong> нАШЕ сООБЩЕНИЕ - 2</p>
  
[2021-07-02 10:39:06] local.DEBUG: Message-ID: <d6eee13e75141d45974d096ce5472ed6@ls>
Date: Fri, 02 Jul 2021 10:39:06 +0300
Subject: New Form
From: name12345 <arashopion@ion.com>
To: Adress@ion.ion
MIME-Version: 1.0
Content-Type: text/html; charset=utf-8
Content-Transfer-Encoding: quoted-printable

<h1>Форма обратной связи</h1>

<p><strong>Имя:</strong> Vasya Pupkin</p>
<p><strong>Почта:</strong> Adress@ion.ion</p>
<p><strong>Сообщение:</strong> Our Message</p>
  
[2021-07-02 10:47:24] local.DEBUG: Message-ID: <5687afa1cc226f6430a526fd618a0bd7@ls>
Date: Fri, 02 Jul 2021 10:47:24 +0300
Subject: New Form
From: name12345 <Larashopion@ion.com>
To: ion3@mail.ru
MIME-Version: 1.0
Content-Type: text/html; charset=utf-8
Content-Transfer-Encoding: quoted-printable

<h1>Форма обратной связи</h1>

<p><strong>Имя:</strong> Ion-3</p>
<p><strong>Почта:</strong> ion3@mail.ru</p>
<p><strong>Сообщение:</strong> Message-3</p>
  
